2019-03-08 15:00:37 DEBUG SpringJUnit4ClassRunner:139 - SpringJUnit4ClassRunner constructor called with [class com.spring.user.UserDaoTest]
2019-03-08 15:00:37 DEBUG BootstrapUtils:96 - Instantiating CacheAwareContextLoaderDelegate from class [org.springframework.test.context.cache.DefaultCacheAwareContextLoaderDelegate]
2019-03-08 15:00:37 DEBUG BootstrapUtils:79 - Instantiating BootstrapContext using constructor [public org.springframework.test.context.support.DefaultBootstrapContext(java.lang.Class,org.springframework.test.context.CacheAwareContextLoaderDelegate)]
2019-03-08 15:00:37 DEBUG BootstrapUtils:132 - Instantiating TestContextBootstrapper for test class [com.spring.user.UserDaoTest] from class [org.springframework.test.context.support.DefaultTestContextBootstrapper]
2019-03-08 15:00:37 DEBUG AbstractDelegatingSmartContextLoader:263 - Delegating to GenericXmlContextLoader to process context configuration [ContextConfigurationAttributes@222545dc declaringClass = 'com.spring.user.UserDaoTest', classes = '{}', locations = '{/user.xml}', inheritLocations = true, initializers = '{}', inheritInitializers = true, name = [null], contextLoaderClass = 'org.springframework.test.context.ContextLoader'].
2019-03-08 15:00:37 DEBUG ActiveProfilesUtils:79 - Could not find an 'annotation declaring class' for annotation type [org.springframework.test.context.ActiveProfiles] and class [com.spring.user.UserDaoTest]
2019-03-08 15:00:37 DEBUG DefaultTestContextBootstrapper:125 - @TestExecutionListeners is not present for class [com.spring.user.UserDaoTest]: using defaults.
2019-03-08 15:00:37  INFO DefaultTestContextBootstrapper:248 - Loaded default TestExecutionListener class names from location [META-INF/spring.factories]: [org.springframework.test.context.web.ServletTestExecutionListener, org.springframework.test.context.support.DirtiesContextBeforeModesTestExecutionListener, org.springframework.test.context.support.DependencyInjectionTestExecutionListener, org.springframework.test.context.support.DirtiesContextTestExecutionListener, org.springframework.test.context.transaction.TransactionalTestExecutionListener, org.springframework.test.context.jdbc.SqlScriptsTestExecutionListener]
2019-03-08 15:00:37 DEBUG DefaultTestContextBootstrapper:192 - Skipping candidate TestExecutionListener [org.springframework.test.context.web.ServletTestExecutionListener] due to a missing dependency. Specify custom listener classes or make the default listener classes and their required dependencies available. Offending class: [javax/servlet/ServletContext]
2019-03-08 15:00:37 DEBUG DefaultTestContextBootstrapper:192 - Skipping candidate TestExecutionListener [org.springframework.test.context.transaction.TransactionalTestExecutionListener] due to a missing dependency. Specify custom listener classes or make the default listener classes and their required dependencies available. Offending class: [org/springframework/transaction/interceptor/TransactionAttributeSource]
2019-03-08 15:00:37 DEBUG DefaultTestContextBootstrapper:192 - Skipping candidate TestExecutionListener [org.springframework.test.context.jdbc.SqlScriptsTestExecutionListener] due to a missing dependency. Specify custom listener classes or make the default listener classes and their required dependencies available. Offending class: [org/springframework/transaction/interceptor/TransactionAttribute]
2019-03-08 15:00:37  INFO DefaultTestContextBootstrapper:177 - Using TestExecutionListeners: [org.springframework.test.context.support.DirtiesContextBeforeModesTestExecutionListener@13c9d689, org.springframework.test.context.support.DependencyInjectionTestExecutionListener@3754a4bf, org.springframework.test.context.support.DirtiesContextTestExecutionListener@62379589]
2019-03-08 15:00:37 DEBUG ProfileValueUtils:70 - Retrieved @ProfileValueSourceConfiguration [null] for test class [com.spring.user.UserDaoTest]
2019-03-08 15:00:37 DEBUG ProfileValueUtils:83 - Retrieved ProfileValueSource type [class org.springframework.test.annotation.SystemProfileValueSource] for class [com.spring.user.UserDaoTest]
2019-03-08 15:00:37 DEBUG ProfileValueUtils:70 - Retrieved @ProfileValueSourceConfiguration [null] for test class [com.spring.user.UserDaoTest]
2019-03-08 15:00:37 DEBUG ProfileValueUtils:83 - Retrieved ProfileValueSource type [class org.springframework.test.annotation.SystemProfileValueSource] for class [com.spring.user.UserDaoTest]
2019-03-08 15:00:37 DEBUG ProfileValueUtils:70 - Retrieved @ProfileValueSourceConfiguration [null] for test class [com.spring.user.UserDaoTest]
2019-03-08 15:00:37 DEBUG ProfileValueUtils:83 - Retrieved ProfileValueSource type [class org.springframework.test.annotation.SystemProfileValueSource] for class [com.spring.user.UserDaoTest]
2019-03-08 15:00:37 DEBUG ProfileValueUtils:70 - Retrieved @ProfileValueSourceConfiguration [null] for test class [com.spring.user.UserDaoTest]
2019-03-08 15:00:37 DEBUG ProfileValueUtils:83 - Retrieved ProfileValueSource type [class org.springframework.test.annotation.SystemProfileValueSource] for class [com.spring.user.UserDaoTest]
2019-03-08 15:00:37 DEBUG AbstractDirtiesContextTestExecutionListener:142 - Before test class: context [DefaultTestContext@4e08711f testClass = UserDaoTest, testInstance = [null], testMethod = [null], testException = [null], mergedContextConfiguration = [MergedContextConfiguration@bcec361 testClass = UserDaoTest, locations = '{classpath:/user.xml}', classes = '{}', contextInitializerClasses = '[]', activeProfiles = '{}', propertySourceLocations = '{}', propertySourceProperties = '{}', contextCustomizers = set[[empty]], contextLoader = 'org.springframework.test.context.support.DelegatingSmartContextLoader', parent = [null]], attributes = map[[empty]]], class annotated with @DirtiesContext [false] with mode [null].
2019-03-08 15:00:37 DEBUG ProfileValueUtils:70 - Retrieved @ProfileValueSourceConfiguration [null] for test class [com.spring.user.UserDaoTest]
2019-03-08 15:00:37 DEBUG ProfileValueUtils:83 - Retrieved ProfileValueSource type [class org.springframework.test.annotation.SystemProfileValueSource] for class [com.spring.user.UserDaoTest]
2019-03-08 15:00:37 DEBUG DependencyInjectionTestExecutionListener:81 - Performing dependency injection for test context [[DefaultTestContext@4e08711f testClass = UserDaoTest, testInstance = com.spring.user.UserDaoTest@5dda768f, testMethod = [null], testException = [null], mergedContextConfiguration = [MergedContextConfiguration@bcec361 testClass = UserDaoTest, locations = '{classpath:/user.xml}', classes = '{}', contextInitializerClasses = '[]', activeProfiles = '{}', propertySourceLocations = '{}', propertySourceProperties = '{}', contextCustomizers = set[[empty]], contextLoader = 'org.springframework.test.context.support.DelegatingSmartContextLoader', parent = [null]], attributes = map[[empty]]]].
2019-03-08 15:00:37 DEBUG AbstractDelegatingSmartContextLoader:273 - Delegating to GenericXmlContextLoader to load context from [MergedContextConfiguration@bcec361 testClass = UserDaoTest, locations = '{classpath:/user.xml}', classes = '{}', contextInitializerClasses = '[]', activeProfiles = '{}', propertySourceLocations = '{}', propertySourceProperties = '{}', contextCustomizers = set[[empty]], contextLoader = 'org.springframework.test.context.support.DelegatingSmartContextLoader', parent = [null]].
2019-03-08 15:00:37 DEBUG AbstractGenericContextLoader:109 - Loading ApplicationContext for merged context configuration [[MergedContextConfiguration@bcec361 testClass = UserDaoTest, locations = '{classpath:/user.xml}', classes = '{}', contextInitializerClasses = '[]', activeProfiles = '{}', propertySourceLocations = '{}', propertySourceProperties = '{}', contextCustomizers = set[[empty]], contextLoader = 'org.springframework.test.context.support.DelegatingSmartContextLoader', parent = [null]]].
2019-03-08 15:00:37 DEBUG StandardEnvironment:252 - Activating profiles []
2019-03-08 15:00:37 DEBUG XmlBeanDefinitionReader:395 - Loaded 5 bean definitions from class path resource [user.xml]
2019-03-08 15:00:37 DEBUG GenericApplicationContext:594 - Refreshing org.springframework.context.support.GenericApplicationContext@4961f6af
2019-03-08 15:00:37 DEBUG DefaultListableBeanFactory:213 - Creating shared instance of singleton bean 'org.springframework.context.annotation.internalConfigurationAnnotationProcessor'
2019-03-08 15:00:37 DEBUG DefaultListableBeanFactory:213 - Creating shared instance of singleton bean 'org.springframework.context.event.internalEventListenerProcessor'
2019-03-08 15:00:37 DEBUG DefaultListableBeanFactory:213 - Creating shared instance of singleton bean 'org.springframework.context.event.internalEventListenerFactory'
2019-03-08 15:00:37 DEBUG DefaultListableBeanFactory:213 - Creating shared instance of singleton bean 'org.springframework.context.annotation.internalAutowiredAnnotationProcessor'
2019-03-08 15:00:37 DEBUG DefaultListableBeanFactory:213 - Creating shared instance of singleton bean 'org.springframework.aop.config.internalAutoProxyCreator'
2019-03-08 15:00:38 DEBUG DefaultListableBeanFactory:213 - Creating shared instance of singleton bean 'userDao'
2019-03-08 15:00:38 DEBUG DefaultListableBeanFactory:213 - Creating shared instance of singleton bean 'org.springframework.aop.aspectj.AspectJPointcutAdvisor#0'
2019-03-08 15:00:38 DEBUG DefaultListableBeanFactory:213 - Creating shared instance of singleton bean 'beforeAdvice'
2019-03-08 15:00:38 DEBUG DefaultCacheAwareContextLoaderDelegate:119 - Storing ApplicationContext in cache under key [[MergedContextConfiguration@bcec361 testClass = UserDaoTest, locations = '{classpath:/user.xml}', classes = '{}', contextInitializerClasses = '[]', activeProfiles = '{}', propertySourceLocations = '{}', propertySourceProperties = '{}', contextCustomizers = set[[empty]], contextLoader = 'org.springframework.test.context.support.DelegatingSmartContextLoader', parent = [null]]]
2019-03-08 15:00:38 DEBUG cache:290 - Spring test ApplicationContext cache statistics: [DefaultContextCache@5c153b9e size = 1, maxSize = 32, parentContextCount = 0, hitCount = 0, missCount = 1]
2019-03-08 15:00:38 DEBUG AbstractDirtiesContextTestExecutionListener:107 - Before test method: context [DefaultTestContext@4e08711f testClass = UserDaoTest, testInstance = com.spring.user.UserDaoTest@5dda768f, testMethod = insert@UserDaoTest, testException = [null], mergedContextConfiguration = [MergedContextConfiguration@bcec361 testClass = UserDaoTest, locations = '{classpath:/user.xml}', classes = '{}', contextInitializerClasses = '[]', activeProfiles = '{}', propertySourceLocations = '{}', propertySourceProperties = '{}', contextCustomizers = set[[empty]], contextLoader = 'org.springframework.test.context.support.DelegatingSmartContextLoader', parent = [null]], attributes = map[[empty]]], class annotated with @DirtiesContext [false] with mode [null], method annotated with @DirtiesContext [false] with mode [null].
2019-03-08 15:00:38 DEBUG BeforeAdvice:11 - 连接数据库操作...
2019-03-08 15:00:38 DEBUG BeforeAdvice:13 - 开始进行插入操作
2019-03-08 15:00:38 DEBUG AbstractDirtiesContextTestExecutionListener:107 - After test method: context [DefaultTestContext@4e08711f testClass = UserDaoTest, testInstance = com.spring.user.UserDaoTest@5dda768f, testMethod = insert@UserDaoTest, testException = [null], mergedContextConfiguration = [MergedContextConfiguration@bcec361 testClass = UserDaoTest, locations = '{classpath:/user.xml}', classes = '{}', contextInitializerClasses = '[]', activeProfiles = '{}', propertySourceLocations = '{}', propertySourceProperties = '{}', contextCustomizers = set[[empty]], contextLoader = 'org.springframework.test.context.support.DelegatingSmartContextLoader', parent = [null]], attributes = map[[empty]]], class annotated with @DirtiesContext [false] with mode [null], method annotated with @DirtiesContext [false] with mode [null].
2019-03-08 15:00:38 DEBUG AbstractDirtiesContextTestExecutionListener:142 - After test class: context [DefaultTestContext@4e08711f testClass = UserDaoTest, testInstance = [null], testMethod = [null], testException = [null], mergedContextConfiguration = [MergedContextConfiguration@bcec361 testClass = UserDaoTest, locations = '{classpath:/user.xml}', classes = '{}', contextInitializerClasses = '[]', activeProfiles = '{}', propertySourceLocations = '{}', propertySourceProperties = '{}', contextCustomizers = set[[empty]], contextLoader = 'org.springframework.test.context.support.DelegatingSmartContextLoader', parent = [null]], attributes = map[[empty]]], class annotated with @DirtiesContext [false] with mode [null].
2019-03-08 15:00:38 DEBUG GenericApplicationContext:1002 - Closing org.springframework.context.support.GenericApplicationContext@4961f6af, started on Fri Mar 08 15:00:37 CST 2019
